233927 execve("./result/home-path/bin/yazi", ["./result/home-path/bin/yazi"], 0x7ffea88c3878 /* 150 vars */) = 0
233927 execve("/nix/store/5799dx6413ld1zklqzixbbrbvbipcpcr-yazi-no-desktop-wrapped/bin/.yazi-wrapped", ["./result/home-path/bin/yazi"], 0x1acd0760 /* 149 vars */) = 0
233927 execve("/nix/store/pkiq9fhnq2k0yyw6m6pjdi2mn3h66pmc-yazi-0.3.2/bin/yazi", ["/nix/store/pkiq9fhnq2k0yyw6m6pjd"...], 0x3e68ac60 /* 149 vars */) = 0
233938 execve("/nix/store/8m7dgl72c3arna5a5gbf6w2c3ak6jhvq-file-5.45/bin/ueberzugpp", ["ueberzugpp", "layer", "-so", "chafa", "--no-opencv"], 0x7fafa7572200 /* 150 vars */) = -1 ENOENT (No such file or directory)
233938 execve("/nix/store/kc1c2x2a14zsjwxlscajmc59nsz0wd1s-jq-1.7.1-bin/bin/ueberzugpp", ["ueberzugpp", "layer", "-so", "chafa", "--no-opencv"], 0x7fafa7572200 /* 150 vars */) = -1 ENOENT (No such file or directory)
233938 execve("/nix/store/fsjkjcyj9gm494wdggv939rap5qgy1hz-poppler-utils-24.02.0/bin/ueberzugpp", ["ueberzugpp", "layer", "-so", "chafa", "--no-opencv"], 0x7fafa7572200 /* 150 vars */) = -1 ENOENT (No such file or directory)
233938 execve("/nix/store/21vjk2pc3zc7jxz7q906j0dzda7mx299-7zz-24.08/bin/ueberzugpp", ["ueberzugpp", "layer", "-so", "chafa", "--no-opencv"], 0x7fafa7572200 /* 150 vars */) = -1 ENOENT (No such file or directory)
233938 execve("/nix/store/nqcb8bkkxfkvm4qisqqqxi2jshg9ihki-ffmpegthumbnailer-unstable-2024-01-04/bin/ueberzugpp", ["ueberzugpp", "layer", "-so", "chafa", "--no-opencv"], 0x7fafa7572200 /* 150 vars */) = -1 ENOENT (No such file or directory)
233938 execve("/nix/store/na7hh88wjq2zsj91hw2z9wbcz2dd85fr-fd-10.2.0/bin/ueberzugpp", ["ueberzugpp", "layer", "-so", "chafa", "--no-opencv"], 0x7fafa7572200 /* 150 vars */) = -1 ENOENT (No such file or directory)
233938 execve("/nix/store/mng5a43lc9amknw93ds0ghkrcdwwh3vl-ripgrep-14.1.0/bin/ueberzugpp", ["ueberzugpp", "layer", "-so", "chafa", "--no-opencv"], 0x7fafa7572200 /* 150 vars */) = -1 ENOENT (No such file or directory)
233938 execve("/nix/store/z3dwzq4b91v1a0hmxsway6633rbcd5wf-fzf-0.55.0/bin/ueberzugpp", ["ueberzugpp", "layer", "-so", "chafa", "--no-opencv"], 0x7fafa7572200 /* 150 vars */) = -1 ENOENT (No such file or directory)
233938 execve("/nix/store/jb7yb9d7nlxzjvmyxd55bwsfg65sf6v3-zoxide-0.9.4/bin/ueberzugpp", ["ueberzugpp", "layer", "-so", "chafa", "--no-opencv"], 0x7fafa7572200 /* 150 vars */) = -1 ENOENT (No such file or directory)
233938 execve("/nix/store/v0y0izzxdq74j4i4g3agcslkyh9ly00h-imagemagick-7.1.1-38/bin/ueberzugpp", ["ueberzugpp", "layer", "-so", "chafa", "--no-opencv"], 0x7fafa7572200 /* 150 vars */) = -1 ENOENT (No such file or directory)
233938 execve("/nix/store/z80cglzjgyy40qssgzcmykrmnvgg6mal-chafa-1.14.2/bin/ueberzugpp", ["ueberzugpp", "layer", "-so", "chafa", "--no-opencv"], 0x7fafa7572200 /* 150 vars */) = -1 ENOENT (No such file or directory)
233938 execve("/nix/store/afawqp23fabjbk0d339mf673vj0nizbi-os-build/bin/ueberzugpp", ["ueberzugpp", "layer", "-so", "chafa", "--no-opencv"], 0x7fafa7572200 /* 150 vars */) = -1 ENOENT (No such file or directory)
233938 execve("/nix/store/qm3p5dhdwhfkx86j3hsszr25vih0sjgh-os-switch/bin/ueberzugpp", ["ueberzugpp", "layer", "-so", "chafa", "--no-opencv"], 0x7fafa7572200 /* 150 vars */) = -1 ENOENT (No such file or directory)
233938 execve("/nix/store/6vhzq692d30g43l5fyk76lxiqnx58llq-os-diff/bin/ueberzugpp", ["ueberzugpp", "layer", "-so", "chafa", "--no-opencv"], 0x7fafa7572200 /* 150 vars */) = -1 ENOENT (No such file or directory)
233938 execve("/nix/store/nci9yfjh02phm20s4v8qbp70mzyb420z-os-update/bin/ueberzugpp", ["ueberzugpp", "layer", "-so", "chafa", "--no-opencv"], 0x7fafa7572200 /* 150 vars */) = -1 ENOENT (No such file or directory)
233938 execve("/nix/store/0klnjd374qb1v3ph1kns47cb3p4h25hj-os-boot/bin/ueberzugpp", ["ueberzugpp", "layer", "-so", "chafa", "--no-opencv"], 0x7fafa7572200 /* 150 vars */) = -1 ENOENT (No such file or directory)
233938 execve("/nix/store/qkg9rrsx5rfign18h0faajnr7skny94g-home-build/bin/ueberzugpp", ["ueberzugpp", "layer", "-so", "chafa", "--no-opencv"], 0x7fafa7572200 /* 150 vars */) = -1 ENOENT (No such file or directory)
233938 execve("/nix/store/a0x6mnqp7d7z97s2x6yrkxbhf2pbahzi-home-diff/bin/ueberzugpp", ["ueberzugpp", "layer", "-so", "chafa", "--no-opencv"], 0x7fafa7572200 /* 150 vars */) = -1 ENOENT (No such file or directory)
233938 execve("/nix/store/d2il70db85c8dd6a41h24n53x7s0hnnf-home-switch/bin/ueberzugpp", ["ueberzugpp", "layer", "-so", "chafa", "--no-opencv"], 0x7fafa7572200 /* 150 vars */) = -1 ENOENT (No such file or directory)
233938 execve("/nix/store/d0whqhk5x5i84xkgvll4q51kb6k2i03c-home-update/bin/ueberzugpp", ["ueberzugpp", "layer", "-so", "chafa", "--no-opencv"], 0x7fafa7572200 /* 150 vars */) = -1 ENOENT (No such file or directory)
233938 execve("/nix/store/ynb429zwcz7j9wm373rx43km0m0r9x3a-nvd-0.2.3/bin/ueberzugpp", ["ueberzugpp", "layer", "-so", "chafa", "--no-opencv"], 0x7fafa7572200 /* 150 vars */) = -1 ENOENT (No such file or directory)
233938 execve("/nix/store/n529404rkhwdh48ddgfqcnv97qh7590q-nix-output-monitor-2.1.3/bin/ueberzugpp", ["ueberzugpp", "layer", "-so", "chafa", "--no-opencv"], 0x7fafa7572200 /* 150 vars */) = -1 ENOENT (No such file or directory)
233938 execve("/nix/store/3mz4bcy87pxb4x5kp368ik95p3njfxx1-home-manager-0-unstable-2024-08-23/bin/ueberzugpp", ["ueberzugpp", "layer", "-so", "chafa", "--no-opencv"], 0x7fafa7572200 /* 150 vars */) = -1 ENOENT (No such file or directory)
233938 execve("/nix/store/ysrjmagd14vhgpwd6zzanzk421mlv6q2-nixos-rebuild/bin/ueberzugpp", ["ueberzugpp", "layer", "-so", "chafa", "--no-opencv"], 0x7fafa7572200 /* 150 vars */) = -1 ENOENT (No such file or directory)
233938 execve("/nix/store/q59g0819sgw2wsh5gnj7fkhcm5yvgnp3-patchelf-0.15.0/bin/ueberzugpp", ["ueberzugpp", "layer", "-so", "chafa", "--no-opencv"], 0x7fafa7572200 /* 150 vars */) = -1 ENOENT (No such file or directory)
233938 execve("/nix/store/vb8mdklw65p9wikp97ybmnyay0xzipx3-coreutils-9.5/bin/ueberzugpp", ["ueberzugpp", "layer", "-so", "chafa", "--no-opencv"], 0x7fafa7572200 /* 150 vars */) = -1 ENOENT (No such file or directory)
233938 execve("/nix/store/9q88bb4afhqj863ka4l5pf92d2qb2225-findutils-4.10.0/bin/ueberzugpp", ["ueberzugpp", "layer", "-so", "chafa", "--no-opencv"], 0x7fafa7572200 /* 150 vars */) = -1 ENOENT (No such file or directory)
233938 execve("/nix/store/p69lbkynk9fma1gva1fisivgb0rmcfrm-diffutils-3.10/bin/ueberzugpp", ["ueberzugpp", "layer", "-so", "chafa", "--no-opencv"], 0x7fafa7572200 /* 150 vars */) = -1 ENOENT (No such file or directory)
233938 execve("/nix/store/jhn7xv6kwaydflia4n0hvqf18kjbki8x-gnused-4.9/bin/ueberzugpp", ["ueberzugpp", "layer", "-so", "chafa", "--no-opencv"], 0x7fafa7572200 /* 150 vars */) = -1 ENOENT (No such file or directory)
233938 execve("/nix/store/c4f952p7aml4izqphndgiy3rj7lq5aak-gnugrep-3.11/bin/ueberzugpp", ["ueberzugpp", "layer", "-so", "chafa", "--no-opencv"], 0x7fafa7572200 /* 150 vars */) = -1 ENOENT (No such file or directory)
233938 execve("/nix/store/q6s53i31cbcszdnjq6iw1qmkxyicnjzj-gawk-5.2.2/bin/ueberzugpp", ["ueberzugpp", "layer", "-so", "chafa", "--no-opencv"], 0x7fafa7572200 /* 150 vars */) = -1 ENOENT (No such file or directory)
233938 execve("/nix/store/gimzvyxqk4gq9rqbf8lc65gdhrkhj0iv-gnutar-1.35/bin/ueberzugpp", ["ueberzugpp", "layer", "-so", "chafa", "--no-opencv"], 0x7fafa7572200 /* 150 vars */) = -1 ENOENT (No such file or directory)
233938 execve("/nix/store/jgl506qlgvv5jciscs0iji2fqn1xi8gc-gzip-1.13/bin/ueberzugpp", ["ueberzugpp", "layer", "-so", "chafa", "--no-opencv"], 0x7fafa7572200 /* 150 vars */) = -1 ENOENT (No such file or directory)
233938 execve("/nix/store/2al9kbjz9b8983szqd2asnr1c9ij4n5z-bzip2-1.0.8-bin/bin/ueberzugpp", ["ueberzugpp", "layer", "-so", "chafa", "--no-opencv"], 0x7fafa7572200 /* 150 vars */) = -1 ENOENT (No such file or directory)
233938 execve("/nix/store/94rd6kim05qr63dmiqpxfp7q4nl6md6x-gnumake-4.4.1/bin/ueberzugpp", ["ueberzugpp", "layer", "-so", "chafa", "--no-opencv"], 0x7fafa7572200 /* 150 vars */) = -1 ENOENT (No such file or directory)
233938 execve("/nix/store/vpvy79k1qq02p1vyqjk6nb89gwhxqvyb-bash-5.2p32/bin/ueberzugpp", ["ueberzugpp", "layer", "-so", "chafa", "--no-opencv"], 0x7fafa7572200 /* 150 vars */) = -1 ENOENT (No such file or directory)
233938 execve("/nix/store/wbglmpgzf8pkx8412klnck9vlmjwa5jn-patch-2.7.6/bin/ueberzugpp", ["ueberzugpp", "layer", "-so", "chafa", "--no-opencv"], 0x7fafa7572200 /* 150 vars */) = -1 ENOENT (No such file or directory)
233938 execve("/nix/store/2137mm3ggaiiqyi13j4q6jixfm3wkw25-xz-5.6.2-bin/bin/ueberzugpp", ["ueberzugpp", "layer", "-so", "chafa", "--no-opencv"], 0x7fafa7572200 /* 150 vars */) = -1 ENOENT (No such file or directory)
233938 execve("/nix/store/vd9dmgqdmnaxq55kbmwkkzb0w9q4lsla-file-5.45/bin/ueberzugpp", ["ueberzugpp", "layer", "-so", "chafa", "--no-opencv"], 0x7fafa7572200 /* 150 vars */) = -1 ENOENT (No such file or directory)
233938 execve("/home/shogo/nixos-config/.direnv/bin/ueberzugpp", ["ueberzugpp", "layer", "-so", "chafa", "--no-opencv"], 0x7fafa7572200 /* 150 vars */) = -1 ENOENT (No such file or directory)
233938 execve("/run/wrappers/bin/ueberzugpp", ["ueberzugpp", "layer", "-so", "chafa", "--no-opencv"], 0x7fafa7572200 /* 150 vars */) = -1 ENOENT (No such file or directory)
233938 execve("/home/shogo/.local/share/flatpak/exports/bin/ueberzugpp", ["ueberzugpp", "layer", "-so", "chafa", "--no-opencv"], 0x7fafa7572200 /* 150 vars */) = -1 ENOENT (No such file or directory)
233938 execve("/var/lib/flatpak/exports/bin/ueberzugpp", ["ueberzugpp", "layer", "-so", "chafa", "--no-opencv"], 0x7fafa7572200 /* 150 vars */) = -1 ENOENT (No such file or directory)
233938 execve("/home/shogo/.nix-profile/bin/ueberzugpp", ["ueberzugpp", "layer", "-so", "chafa", "--no-opencv"], 0x7fafa7572200 /* 150 vars */) = 0
233948 execve("/nix/store/8m7dgl72c3arna5a5gbf6w2c3ak6jhvq-file-5.45/bin/file", ["file", "-bL", "--mime-type", "/home/shogo/nixos-config/flake.l"..., "/home/shogo/nixos-config/flake.n"..., "/home/shogo/nixos-config/hello.l"..., "/home/shogo/nixos-config/README."..., "/home/shogo/nixos-config/shell.n"..., "/home/shogo/nixos-config/treefmt"...], 0x5613add4bf80 /* 151 vars */) = 0
233948 +++ killed by SIGKILL +++
233939 --- SIGCHLD {si_signo=SIGCHLD, si_code=CLD_KILLED, si_pid=233948, si_uid=1000, si_status=SIGKILL, si_utime=1 /* 0.01 s */, si_stime=0} ---
233949 execve("/nix/store/8m7dgl72c3arna5a5gbf6w2c3ak6jhvq-file-5.45/bin/file", ["file", "-bL", "--mime-type", "/home/shogo/nixos-config/hello.l"...], 0x5613add4bf80 /* 151 vars */) = 0
233949 +++ killed by SIGKILL +++
233947 --- SIGCHLD {si_signo=SIGCHLD, si_code=CLD_KILLED, si_pid=233949, si_uid=1000, si_status=SIGKILL, si_utime=0, si_stime=0} ---
233951 execve("/nix/store/8m7dgl72c3arna5a5gbf6w2c3ak6jhvq-file-5.45/bin/file", ["file", "-bL", "--mime-type", "/home/shogo/nixos-config/hello.l"...], 0x5613add4bf80 /* 151 vars */) = 0
233951 +++ killed by SIGKILL +++
233937 --- SIGCHLD {si_signo=SIGCHLD, si_code=CLD_KILLED, si_pid=233951, si_uid=1000, si_status=SIGKILL, si_utime=0, si_stime=0} ---
233952 execve("/nix/store/8m7dgl72c3arna5a5gbf6w2c3ak6jhvq-file-5.45/bin/file", ["file", "-bL", "--mime-type", "/home/shogo/nixos-config/hello.l"...], 0x5613add4bf80 /* 151 vars */) = 0
233952 +++ killed by SIGKILL +++
233946 --- SIGCHLD {si_signo=SIGCHLD, si_code=CLD_KILLED, si_pid=233952, si_uid=1000, si_status=SIGKILL, si_utime=0, si_stime=0} ---
233953 execve("/nix/store/8m7dgl72c3arna5a5gbf6w2c3ak6jhvq-file-5.45/bin/file", ["file", "-bL", "--mime-type", "/home/shogo/nixos-config/hello.l"...], 0x5613add4bf80 /* 151 vars */) = 0
233953 +++ killed by SIGKILL +++
233944 --- SIGCHLD {si_signo=SIGCHLD, si_code=CLD_KILLED, si_pid=233953, si_uid=1000, si_status=SIGKILL, si_utime=0, si_stime=0} ---
233954 execve("/nix/store/8m7dgl72c3arna5a5gbf6w2c3ak6jhvq-file-5.45/bin/file", ["file", "-bL", "--mime-type", "/home/shogo/nixos-config/hello.l"...], 0x5613add4bf80 /* 151 vars */) = 0
233954 +++ killed by SIGKILL +++
233945 --- SIGCHLD {si_signo=SIGCHLD, si_code=CLD_KILLED, si_pid=233954, si_uid=1000, si_status=SIGKILL, si_utime=0, si_stime=0} ---
233955 execve("/nix/store/8m7dgl72c3arna5a5gbf6w2c3ak6jhvq-file-5.45/bin/file", ["file", "-bL", "--mime-type", "/home/shogo/nixos-config/hello.l"...], 0x5613add4bf80 /* 151 vars */) = 0
233955 +++ killed by SIGKILL +++
233943 --- SIGCHLD {si_signo=SIGCHLD, si_code=CLD_KILLED, si_pid=233955, si_uid=1000, si_status=SIGKILL, si_utime=0, si_stime=0} ---
233956 execve("/nix/store/8m7dgl72c3arna5a5gbf6w2c3ak6jhvq-file-5.45/bin/file", ["file", "-bL", "--mime-type", "/home/shogo/nixos-config/hello.l"...], 0x5613add4bf80 /* 151 vars */) = 0
233956 +++ killed by SIGKILL +++
233940 --- SIGCHLD {si_signo=SIGCHLD, si_code=CLD_KILLED, si_pid=233956, si_uid=1000, si_status=SIGKILL, si_utime=0, si_stime=0} ---
233957 execve("/nix/store/8m7dgl72c3arna5a5gbf6w2c3ak6jhvq-file-5.45/bin/file", ["file", "-bL", "--mime-type", "/home/shogo/nixos-config/hello.l"...], 0x5613add4bf80 /* 151 vars */) = 0
233957 +++ killed by SIGKILL +++
233939 --- SIGCHLD {si_signo=SIGCHLD, si_code=CLD_KILLED, si_pid=233957, si_uid=1000, si_status=SIGKILL, si_utime=0, si_stime=0} ---
233958 execve("/nix/store/8m7dgl72c3arna5a5gbf6w2c3ak6jhvq-file-5.45/bin/file", ["file", "-bL", "--mime-type", "/home/shogo/nixos-config/hello.l"...], 0x5613add4bf80 /* 151 vars */) = 0
233958 +++ killed by SIGKILL +++
233947 --- SIGCHLD {si_signo=SIGCHLD, si_code=CLD_KILLED, si_pid=233958, si_uid=1000, si_status=SIGKILL, si_utime=0, si_stime=0} ---
233959 execve("/nix/store/8m7dgl72c3arna5a5gbf6w2c3ak6jhvq-file-5.45/bin/file", ["file", "-bL", "--mime-type", "/home/shogo/nixos-config/hello.l"...], 0x5613add4bf80 /* 151 vars */) = 0
233959 +++ killed by SIGKILL +++
233942 --- SIGCHLD {si_signo=SIGCHLD, si_code=CLD_KILLED, si_pid=233959, si_uid=1000, si_status=SIGKILL, si_utime=0, si_stime=0} ---
233960 execve("/nix/store/8m7dgl72c3arna5a5gbf6w2c3ak6jhvq-file-5.45/bin/file", ["file", "-bL", "--mime-type", "/home/shogo/nixos-config/hello.l"...], 0x5613add4bf80 /* 151 vars */) = 0
233960 +++ killed by SIGKILL +++
233946 --- SIGCHLD {si_signo=SIGCHLD, si_code=CLD_KILLED, si_pid=233960, si_uid=1000, si_status=SIGKILL, si_utime=0, si_stime=0} ---
233961 execve("/nix/store/8m7dgl72c3arna5a5gbf6w2c3ak6jhvq-file-5.45/bin/file", ["file", "-bL", "--mime-type", "/home/shogo/nixos-config/hello.l"...], 0x5613add4bf80 /* 151 vars */) = 0
233961 +++ killed by SIGKILL +++
233944 --- SIGCHLD {si_signo=SIGCHLD, si_code=CLD_KILLED, si_pid=233961, si_uid=1000, si_status=SIGKILL, si_utime=0, si_stime=0} ---
233962 execve("/nix/store/8m7dgl72c3arna5a5gbf6w2c3ak6jhvq-file-5.45/bin/file", ["file", "-bL", "--mime-type", "/home/shogo/nixos-config/hello.l"...], 0x5613add4bf80 /* 151 vars */) = 0
233962 +++ killed by SIGKILL +++
233945 --- SIGCHLD {si_signo=SIGCHLD, si_code=CLD_KILLED, si_pid=233962, si_uid=1000, si_status=SIGKILL, si_utime=0, si_stime=0} ---
233963 execve("/nix/store/8m7dgl72c3arna5a5gbf6w2c3ak6jhvq-file-5.45/bin/file", ["file", "-bL", "--mime-type", "/home/shogo/nixos-config/hello.l"...], 0x5613add4bf80 /* 151 vars */) = 0
233963 +++ killed by SIGKILL +++
233943 --- SIGCHLD {si_signo=SIGCHLD, si_code=CLD_KILLED, si_pid=233963, si_uid=1000, si_status=SIGKILL, si_utime=0, si_stime=0} ---
233964 execve("/nix/store/8m7dgl72c3arna5a5gbf6w2c3ak6jhvq-file-5.45/bin/file", ["file", "-bL", "--mime-type", "/home/shogo/nixos-config/hello.l"...], 0x5613add4bf80 /* 151 vars */) = 0
233964 +++ killed by SIGKILL +++
233937 --- SIGCHLD {si_signo=SIGCHLD, si_code=CLD_KILLED, si_pid=233964, si_uid=1000, si_status=SIGKILL, si_utime=0, si_stime=0} ---
233965 execve("/nix/store/8m7dgl72c3arna5a5gbf6w2c3ak6jhvq-file-5.45/bin/file", ["file", "-bL", "--mime-type", "/home/shogo/nixos-config/hello.l"...], 0x5613add4bf80 /* 151 vars */) = 0
233965 +++ killed by SIGKILL +++
233944 --- SIGCHLD {si_signo=SIGCHLD, si_code=CLD_KILLED, si_pid=233965, si_uid=1000, si_status=SIGKILL, si_utime=0, si_stime=0} ---
233966 execve("/nix/store/8m7dgl72c3arna5a5gbf6w2c3ak6jhvq-file-5.45/bin/file", ["file", "-bL", "--mime-type", "/home/shogo/nixos-config/hello.l"...], 0x5613add4bf80 /* 151 vars */) = 0
233966 +++ killed by SIGKILL +++
233944 --- SIGCHLD {si_signo=SIGCHLD, si_code=CLD_KILLED, si_pid=233966, si_uid=1000, si_status=SIGKILL, si_utime=0, si_stime=0} ---
233967 execve("/nix/store/8m7dgl72c3arna5a5gbf6w2c3ak6jhvq-file-5.45/bin/file", ["file", "-bL", "--mime-type", "/home/shogo/nixos-config/hello.l"...], 0x5613add4bf80 /* 151 vars */) = 0
233967 +++ killed by SIGKILL +++
233943 --- SIGCHLD {si_signo=SIGCHLD, si_code=CLD_KILLED, si_pid=233967, si_uid=1000, si_status=SIGKILL, si_utime=0, si_stime=0} ---
233968 execve("/nix/store/8m7dgl72c3arna5a5gbf6w2c3ak6jhvq-file-5.45/bin/file", ["file", "-bL", "--mime-type", "/home/shogo/nixos-config/hello.l"...], 0x5613add4bf80 /* 151 vars */) = 0
233968 +++ killed by SIGKILL +++
233942 --- SIGCHLD {si_signo=SIGCHLD, si_code=CLD_KILLED, si_pid=233968, si_uid=1000, si_status=SIGKILL, si_utime=0, si_stime=0} ---
233969 execve("/nix/store/8m7dgl72c3arna5a5gbf6w2c3ak6jhvq-file-5.45/bin/file", ["file", "-bL", "--mime-type", "/home/shogo/nixos-config/hello.l"...], 0x5613add4bf80 /* 151 vars */) = 0
233969 +++ killed by SIGKILL +++
233947 --- SIGCHLD {si_signo=SIGCHLD, si_code=CLD_KILLED, si_pid=233969, si_uid=1000, si_status=SIGKILL, si_utime=0, si_stime=0} ---
233970 execve("/nix/store/8m7dgl72c3arna5a5gbf6w2c3ak6jhvq-file-5.45/bin/file", ["file", "-bL", "--mime-type", "/home/shogo/nixos-config/hello.l"...], 0x5613add4bf80 /* 151 vars */) = 0
233970 +++ killed by SIGKILL +++
233939 --- SIGCHLD {si_signo=SIGCHLD, si_code=CLD_KILLED, si_pid=233970, si_uid=1000, si_status=SIGKILL, si_utime=0, si_stime=0} ---
233971 execve("/nix/store/8m7dgl72c3arna5a5gbf6w2c3ak6jhvq-file-5.45/bin/file", ["file", "-bL", "--mime-type", "/home/shogo/Pictures/\343\202\271\343\202\257\343\203\252\343\203"..., "/home/shogo/Pictures/\343\202\271\343\202\257\343\203\252\343\203"..., "/home/shogo/Pictures/\343\202\271\343\202\257\343\203\252\343\203"..., "/home/shogo/Pictures/\343\202\271\343\202\257\343\203\252\343\203"..., "/home/shogo/Pictures/\343\202\271\343\202\257\343\203\252\343\203"..., "/home/shogo/Pictures/\343\202\271\343\202\257\343\203\252\343\203"..., "/home/shogo/Pictures/\343\202\271\343\202\257\343\203\252\343\203"..., "/home/shogo/Pictures/\343\202\271\343\202\257\343\203\252\343\203"..., "/home/shogo/Pictures/\343\202\271\343\202\257\343\203\252\343\203"..., "/home/shogo/Pictures/\343\202\271\343\202\257\343\203\252\343\203"..., "/home/shogo/Pictures/\343\202\271\343\202\257\343\203\252\343\203"..., "/home/shogo/Pictures/\343\202\271\343\202\257\343\203\252\343\203"..., "/home/shogo/Pictures/\343\202\271\343\202\257\343\203\252\343\203"..., "/home/shogo/Pictures/\343\202\271\343\202\257\343\203\252\343\203"..., "/home/shogo/Pictures/\343\202\271\343\202\257\343\203\252\343\203"..., "/home/shogo/Pictures/\343\202\271\343\202\257\343\203\252\343\203"..., "/home/shogo/Pictures/\343\202\271\343\202\257\343\203\252\343\203"..., "/home/shogo/Pictures/\343\202\271\343\202\257\343\203\252\343\203"..., "/home/shogo/Pictures/\343\202\271\343\202\257\343\203\252\343\203"..., "/home/shogo/Pictures/\343\202\271\343\202\257\343\203\252\343\203"..., "/home/shogo/Pictures/\343\202\271\343\202\257\343\203\252\343\203"..., "/home/shogo/Pictures/\343\202\271\343\202\257\343\203\252\343\203"..., "/home/shogo/Pictures/\343\202\271\343\202\257\343\203\252\343\203"..., "/home/shogo/Pictures/\343\202\271\343\202\257\343\203\252\343\203"..., "/home/shogo/Pictures/\343\202\271\343\202\257\343\203\252\343\203"..., "/home/shogo/Pictures/\343\202\271\343\202\257\343\203\252\343\203"..., "/home/shogo/Pictures/\343\202\271\343\202\257\343\203\252\343\203"..., "/home/shogo/Pictures/\343\202\271\343\202\257\343\203\252\343\203"..., "/home/shogo/Pictures/\343\202\271\343\202\257\343\203\252\343\203"..., ...], 0x5613add4bf80 /* 151 vars */) = 0
233971 +++ exited with 0 +++
233940 --- SIGCHLD {si_signo=SIGCHLD, si_code=CLD_EXITED, si_pid=233971, si_uid=1000, si_status=0, si_utime=0, si_stime=1 /* 0.01 s */} ---
234047 +++ exited with 0 +++
234050 +++ exited with 0 +++
234045 +++ exited with 0 +++
234048 +++ exited with 0 +++
234044 +++ exited with 0 +++
234049 +++ exited with 0 +++
234046 +++ exited with 0 +++
234055 +++ exited with 0 +++
234043 +++ exited with 0 +++
234054 +++ exited with 0 +++
234056 +++ exited with 0 +++
234053 +++ exited with 0 +++
234051 +++ exited with 0 +++
234052 +++ exited with 0 +++
234059 +++ exited with 0 +++
234061 +++ exited with 0 +++
234060 +++ exited with 0 +++
234063 +++ exited with 0 +++
234057 +++ exited with 0 +++
234062 +++ exited with 0 +++
234064 +++ exited with 0 +++
234067 +++ exited with 0 +++
234065 +++ exited with 0 +++
234070 +++ exited with 0 +++
234066 +++ exited with 0 +++
234069 +++ exited with 0 +++
234068 +++ exited with 0 +++
234077 +++ exited with 0 +++
234072 +++ exited with 0 +++
234075 +++ exited with 0 +++
234058 +++ exited with 0 +++
234076 +++ exited with 0 +++
234073 +++ exited with 0 +++
234074 +++ exited with 0 +++
234078 +++ exited with 0 +++
234081 +++ exited with 0 +++
234079 +++ exited with 0 +++
234071 +++ exited with 0 +++
234082 +++ exited with 0 +++
234089 +++ exited with 0 +++
234080 +++ exited with 0 +++
234086 +++ exited with 0 +++
234084 +++ exited with 0 +++
234088 +++ exited with 0 +++
234087 +++ exited with 0 +++
234085 +++ exited with 0 +++
234092 +++ exited with 0 +++
234093 +++ exited with 0 +++
234090 +++ exited with 0 +++
234094 +++ exited with 0 +++
234095 +++ exited with 0 +++
234096 +++ exited with 0 +++
234083 +++ exited with 0 +++
234099 +++ exited with 0 +++
234091 +++ exited with 0 +++
234102 +++ exited with 0 +++
234098 +++ exited with 0 +++
234103 +++ exited with 0 +++
234097 +++ exited with 0 +++
234101 +++ exited with 0 +++
234105 +++ exited with 0 +++
234100 +++ exited with 0 +++
234030 +++ exited with 0 +++
234029 +++ exited with 0 +++
234028 +++ exited with 0 +++
234027 +++ exited with 0 +++
234026 +++ exited with 0 +++
234025 +++ exited with 0 +++
234024 +++ exited with 0 +++
234023 +++ exited with 0 +++
234022 +++ exited with 0 +++
234021 +++ exited with 0 +++
234020 +++ exited with 0 +++
234019 +++ exited with 0 +++
234018 +++ exited with 0 +++
234016 +++ exited with 0 +++
234015 +++ exited with 0 +++
234014 +++ exited with 0 +++
234013 +++ exited with 0 +++
234012 +++ exited with 0 +++
234011 +++ exited with 0 +++
234010 +++ exited with 0 +++
234009 +++ exited with 0 +++
234008 +++ exited with 0 +++
234007 +++ exited with 0 +++
234006 +++ exited with 0 +++
234005 +++ exited with 0 +++
234004 +++ exited with 0 +++
234003 +++ exited with 0 +++
234002 +++ exited with 0 +++
234001 +++ exited with 0 +++
234000 +++ exited with 0 +++
233999 +++ exited with 0 +++
233998 +++ exited with 0 +++
233997 +++ exited with 0 +++
233996 +++ exited with 0 +++
233995 +++ exited with 0 +++
233994 +++ exited with 0 +++
233993 +++ exited with 0 +++
233992 +++ exited with 0 +++
233991 +++ exited with 0 +++
233990 +++ exited with 0 +++
233989 +++ exited with 0 +++
233988 +++ exited with 0 +++
233987 +++ exited with 0 +++
233986 +++ exited with 0 +++
233985 +++ exited with 0 +++
233984 +++ exited with 0 +++
233983 +++ exited with 0 +++
233982 +++ exited with 0 +++
233981 +++ exited with 0 +++
233980 +++ exited with 0 +++
233979 +++ exited with 0 +++
233978 +++ exited with 0 +++
233977 +++ exited with 0 +++
233976 +++ exited with 0 +++
233975 +++ exited with 0 +++
233974 +++ exited with 0 +++
233973 +++ exited with 0 +++
233972 +++ exited with 0 +++
233947 +++ exited with 0 +++
233946 +++ exited with 0 +++
233945 +++ exited with 0 +++
233944 +++ exited with 0 +++
233943 +++ exited with 0 +++
233942 +++ exited with 0 +++
233941 +++ exited with 0 +++
233940 +++ exited with 0 +++
233939 +++ exited with 0 +++
233937 +++ exited with 0 +++
233936 +++ exited with 0 +++
233935 +++ exited with 0 +++
233934 +++ exited with 0 +++
233933 +++ exited with 0 +++
233932 +++ exited with 0 +++
233931 +++ exited with 0 +++
233930 +++ exited with 0 +++
233929 +++ exited with 0 +++
233928 +++ exited with 0 +++
234017 +++ exited with 0 +++
233927 +++ exited with 0 +++
233950 +++ exited with 0 +++
234041 +++ exited with 0 +++
234040 +++ exited with 0 +++
234039 +++ exited with 0 +++
234038 +++ exited with 0 +++
234037 +++ exited with 0 +++
234036 +++ exited with 0 +++
234035 +++ exited with 0 +++
234034 +++ exited with 0 +++
234033 +++ exited with 0 +++
234032 +++ exited with 0 +++
234031 +++ exited with 0 +++
234104 +++ exited with 0 +++
234042 +++ exited with 0 +++
233938 +++ exited with 0 +++
